CRITICAL - 2023-03-02 06:38:10 --> syntax error, unexpected variable "$regid"
in APPPATH\Controllers\Auth.php on line 36.
 1 SYSTEMPATH\Autoloader\Autoloader.php(289): CodeIgniter\Autoloader\Autoloader->includeFile('APPPATH\\Controllers\\Auth.php')
 2 SYSTEMPATH\Autoloader\Autoloader.php(267): CodeIgniter\Autoloader\Autoloader->loadInNamespace('App\\Controllers\\Auth')
 3 [internal function]: CodeIgniter\Autoloader\Autoloader->loadClass('App\\Controllers\\Auth')
 4 SYSTEMPATH\CodeIgniter.php(892): class_exists('\\App\\Controllers\\Auth', true)
 5 SYSTEMPATH\CodeIgniter.php(486): CodeIgniter\CodeIgniter->startController()
 6 SYSTEMPATH\CodeIgniter.php(368): CodeIgniter\CodeIgniter->handleRequest(null, Object(Config\Cache), false)
 7 FCPATH\index.php(67): CodeIgniter\CodeIgniter->run()
 8 SYSTEMPATH\Commands\Server\rewrite.php(47): require_once('FCPATH\\index.php')
ERROR - 2023-03-02 06:38:28 --> mysqli_sql_exception: Unknown column 'login_token' in 'field list' in C:\Users\PC\OneDrive\Desktop\LKS - WEB TECHNOLOGY\CI4\system\Database\MySQLi\Connection.php:295
Stack trace:
#0 C:\Users\PC\OneDrive\Desktop\LKS - WEB TECHNOLOGY\CI4\system\Database\MySQLi\Connection.php(295): mysqli->query('UPDATE `societi...', 0)
#1 C:\Users\PC\OneDrive\Desktop\LKS - WEB TECHNOLOGY\CI4\system\Database\BaseConnection.php(691): CodeIgniter\Database\MySQLi\Connection->execute('UPDATE `societi...')
#2 C:\Users\PC\OneDrive\Desktop\LKS - WEB TECHNOLOGY\CI4\system\Database\BaseConnection.php(605): CodeIgniter\Database\BaseConnection->simpleQuery('UPDATE `societi...')
#3 C:\Users\PC\OneDrive\Desktop\LKS - WEB TECHNOLOGY\CI4\system\Database\BaseBuilder.php(2476): CodeIgniter\Database\BaseConnection->query('UPDATE `societi...', Array, false)
#4 C:\Users\PC\OneDrive\Desktop\LKS - WEB TECHNOLOGY\CI4\app\Controllers\Auth.php(34): CodeIgniter\Database\BaseBuilder->update(Array)
#5 C:\Users\PC\OneDrive\Desktop\LKS - WEB TECHNOLOGY\CI4\system\CodeIgniter.php(934): App\Controllers\Auth->login()
#6 C:\Users\PC\OneDrive\Desktop\LKS - WEB TECHNOLOGY\CI4\system\CodeIgniter.php(499): CodeIgniter\CodeIgniter->runController(Object(App\Controllers\Auth))
#7 C:\Users\PC\OneDrive\Desktop\LKS - WEB TECHNOLOGY\CI4\system\CodeIgniter.php(368): CodeIgniter\CodeIgniter->handleRequest(NULL, Object(Config\Cache), false)
#8 C:\Users\PC\OneDrive\Desktop\LKS - WEB TECHNOLOGY\CI4\public\index.php(67): CodeIgniter\CodeIgniter->run()
#9 C:\Users\PC\OneDrive\Desktop\LKS - WEB TECHNOLOGY\CI4\system\Commands\Server\rewrite.php(47): require_once('C:\\Users\\PC\\One...')
#10 {main}
CRITICAL - 2023-03-02 06:38:28 --> Unknown column 'login_token' in 'field list'
in SYSTEMPATH\Database\BaseConnection.php on line 645.
 1 SYSTEMPATH\Database\BaseBuilder.php(2476): CodeIgniter\Database\BaseConnection->query('UPDATE `societies` SET `login_token` = :login_token:
WHERE `id` = :id:', [...], false)
 2 APPPATH\Controllers\Auth.php(34): CodeIgniter\Database\BaseBuilder->update([...])
 3 SYSTEMPATH\CodeIgniter.php(934): App\Controllers\Auth->login()
 4 SYSTEMPATH\CodeIgniter.php(499): CodeIgniter\CodeIgniter->runController(Object(App\Controllers\Auth))
 5 SYSTEMPATH\CodeIgniter.php(368): CodeIgniter\CodeIgniter->handleRequest(null, Object(Config\Cache), false)
 6 FCPATH\index.php(67): CodeIgniter\CodeIgniter->run()
 7 SYSTEMPATH\Commands\Server\rewrite.php(47): require_once('FCPATH\\index.php')
CRITICAL - 2023-03-02 06:45:36 --> Undefined variable $db
in APPPATH\Controllers\Consultations.php on line 32.
 1 APPPATH\Controllers\Consultations.php(32): CodeIgniter\Debug\Exceptions->errorHandler(2, 'Undefined variable $db', 'APPPATH\\Controllers\\Consultations.php', 32)
 2 SYSTEMPATH\CodeIgniter.php(934): App\Controllers\Consultations->detail()
 3 SYSTEMPATH\CodeIgniter.php(499): CodeIgniter\CodeIgniter->runController(Object(App\Controllers\Consultations))
 4 SYSTEMPATH\CodeIgniter.php(368): CodeIgniter\CodeIgniter->handleRequest(null, Object(Config\Cache), false)
 5 FCPATH\index.php(67): CodeIgniter\CodeIgniter->run()
 6 SYSTEMPATH\Commands\Server\rewrite.php(47): require_once('FCPATH\\index.php')
CRITICAL - 2023-03-02 06:46:44 --> Undefined variable $db
in APPPATH\Controllers\Consultations.php on line 32.
 1 APPPATH\Controllers\Consultations.php(32): CodeIgniter\Debug\Exceptions->errorHandler(2, 'Undefined variable $db', 'APPPATH\\Controllers\\Consultations.php', 32)
 2 SYSTEMPATH\CodeIgniter.php(934): App\Controllers\Consultations->detail()
 3 SYSTEMPATH\CodeIgniter.php(499): CodeIgniter\CodeIgniter->runController(Object(App\Controllers\Consultations))
 4 SYSTEMPATH\CodeIgniter.php(368): CodeIgniter\CodeIgniter->handleRequest(null, Object(Config\Cache), false)
 5 FCPATH\index.php(67): CodeIgniter\CodeIgniter->run()
 6 SYSTEMPATH\Commands\Server\rewrite.php(47): require_once('FCPATH\\index.php')
CRITICAL - 2023-03-02 06:49:19 --> Too few arguments to function CodeIgniter\Database\BaseBuilder::where(), 0 passed in C:\Users\PC\OneDrive\Desktop\LKS - WEB TECHNOLOGY\CI4\app\Controllers\Consultations.php on line 34 and at least 1 expected
in SYSTEMPATH\Database\BaseBuilder.php on line 696.
 1 APPPATH\Controllers\Consultations.php(34): CodeIgniter\Database\BaseBuilder->where()
 2 SYSTEMPATH\CodeIgniter.php(934): App\Controllers\Consultations->detail()
 3 SYSTEMPATH\CodeIgniter.php(499): CodeIgniter\CodeIgniter->runController(Object(App\Controllers\Consultations))
 4 SYSTEMPATH\CodeIgniter.php(368): CodeIgniter\CodeIgniter->handleRequest(null, Object(Config\Cache), false)
 5 FCPATH\index.php(67): CodeIgniter\CodeIgniter->run()
 6 SYSTEMPATH\Commands\Server\rewrite.php(47): require_once('FCPATH\\index.php')
ERROR - 2023-03-02 06:51:02 --> mysqli_sql_exception: Unknown column 'consultations.societies_id' in 'on clause' in C:\Users\PC\OneDrive\Desktop\LKS - WEB TECHNOLOGY\CI4\system\Database\MySQLi\Connection.php:295
Stack trace:
#0 C:\Users\PC\OneDrive\Desktop\LKS - WEB TECHNOLOGY\CI4\system\Database\MySQLi\Connection.php(295): mysqli->query('SELECT *\nFROM `...', 0)
#1 C:\Users\PC\OneDrive\Desktop\LKS - WEB TECHNOLOGY\CI4\system\Database\BaseConnection.php(691): CodeIgniter\Database\MySQLi\Connection->execute('SELECT *\nFROM `...')
#2 C:\Users\PC\OneDrive\Desktop\LKS - WEB TECHNOLOGY\CI4\system\Database\BaseConnection.php(605): CodeIgniter\Database\BaseConnection->simpleQuery('SELECT *\nFROM `...')
#3 C:\Users\PC\OneDrive\Desktop\LKS - WEB TECHNOLOGY\CI4\system\Database\BaseBuilder.php(1616): CodeIgniter\Database\BaseConnection->query('SELECT *\nFROM `...', Array, false)
#4 C:\Users\PC\OneDrive\Desktop\LKS - WEB TECHNOLOGY\CI4\app\Controllers\Consultations.php(36): CodeIgniter\Database\BaseBuilder->get()
#5 C:\Users\PC\OneDrive\Desktop\LKS - WEB TECHNOLOGY\CI4\system\CodeIgniter.php(934): App\Controllers\Consultations->detail()
#6 C:\Users\PC\OneDrive\Desktop\LKS - WEB TECHNOLOGY\CI4\system\CodeIgniter.php(499): CodeIgniter\CodeIgniter->runController(Object(App\Controllers\Consultations))
#7 C:\Users\PC\OneDrive\Desktop\LKS - WEB TECHNOLOGY\CI4\system\CodeIgniter.php(368): CodeIgniter\CodeIgniter->handleRequest(NULL, Object(Config\Cache), false)
#8 C:\Users\PC\OneDrive\Desktop\LKS - WEB TECHNOLOGY\CI4\public\index.php(67): CodeIgniter\CodeIgniter->run()
#9 C:\Users\PC\OneDrive\Desktop\LKS - WEB TECHNOLOGY\CI4\system\Commands\Server\rewrite.php(47): require_once('C:\\Users\\PC\\One...')
#10 {main}
CRITICAL - 2023-03-02 06:51:02 --> Unknown column 'consultations.societies_id' in 'on clause'
in SYSTEMPATH\Database\BaseConnection.php on line 645.
 1 SYSTEMPATH\Database\BaseBuilder.php(1616): CodeIgniter\Database\BaseConnection->query('SELECT *
FROM `consultations`
JOIN `societies` ON `societies`.`id` = `consultations`.`societies_id`
WHERE `societies`.`login_tokens` = :societies.login_tokens:', [...], false)
 2 APPPATH\Controllers\Consultations.php(36): CodeIgniter\Database\BaseBuilder->get()
 3 SYSTEMPATH\CodeIgniter.php(934): App\Controllers\Consultations->detail()
 4 SYSTEMPATH\CodeIgniter.php(499): CodeIgniter\CodeIgniter->runController(Object(App\Controllers\Consultations))
 5 SYSTEMPATH\CodeIgniter.php(368): CodeIgniter\CodeIgniter->handleRequest(null, Object(Config\Cache), false)
 6 FCPATH\index.php(67): CodeIgniter\CodeIgniter->run()
 7 SYSTEMPATH\Commands\Server\rewrite.php(47): require_once('FCPATH\\index.php')
